I, [2016-03-16T14:35:20.645409 #10828]  INFO -- default-centos-71: -----> Converging <default-centos-71>...
I, [2016-03-16T14:35:20.645409 #10828]  INFO -- default-centos-71: Preparing files for transfer
I, [2016-03-16T14:35:20.645409 #10828]  INFO -- default-centos-71: Preparing dna.json
I, [2016-03-16T14:35:20.661034 #10828]  INFO -- default-centos-71: Berksfile, Cheffile, cookbooks/, or metadata.rb not found so Chef will run with effectively no cookbooks. Is this intended?
I, [2016-03-16T14:35:20.661034 #10828]  INFO -- default-centos-71: Removing non-cookbook files before transfer
I, [2016-03-16T14:35:20.661034 #10828]  INFO -- default-centos-71: Preparing solo.rb
I, [2016-03-16T14:35:35.682626 #10828]  INFO -- default-centos-71: [SSH] connection failed, retrying in 1 seconds (#<Net::SSH::ConnectionTimeout: Net::SSH::ConnectionTimeout>)
I, [2016-03-16T14:35:51.695919 #10828]  INFO -- default-centos-71: [SSH] connection failed, retrying in 1 seconds (#<Net::SSH::ConnectionTimeout: Net::SSH::ConnectionTimeout>)
I, [2016-03-16T14:36:07.713969 #10828]  INFO -- default-centos-71: [SSH] connection failed, retrying in 1 seconds (#<Net::SSH::ConnectionTimeout: Net::SSH::ConnectionTimeout>)
I, [2016-03-16T14:36:23.722325 #10828]  INFO -- default-centos-71: [SSH] connection failed, retrying in 1 seconds (#<Net::SSH::ConnectionTimeout: Net::SSH::ConnectionTimeout>)
W, [2016-03-16T14:36:39.731545 #10828]  WARN -- default-centos-71: [SSH] connection failed, terminating (#<Net::SSH::ConnectionTimeout: Net::SSH::ConnectionTimeout>)
E, [2016-03-16T14:36:39.731545 #10828] ERROR -- default-centos-71: Converge failed on instance <default-centos-71>.
E, [2016-03-16T14:36:39.731545 #10828] ERROR -- default-centos-71: ------Exception-------
E, [2016-03-16T14:36:39.731545 #10828] ERROR -- default-centos-71: Class: Kitchen::ActionFailed
E, [2016-03-16T14:36:39.731545 #10828] ERROR -- default-centos-71: Message: SSH session could not be established
E, [2016-03-16T14:36:39.731545 #10828] ERROR -- default-centos-71: ---Nested Exception---
E, [2016-03-16T14:36:39.731545 #10828] ERROR -- default-centos-71: Class: Kitchen::Transport::SshFailed
E, [2016-03-16T14:36:39.731545 #10828] ERROR -- default-centos-71: Message: SSH session could not be established
E, [2016-03-16T14:36:39.731545 #10828] ERROR -- default-centos-71: ------Backtrace-------
E, [2016-03-16T14:36:39.731545 #10828] ERROR -- default-centos-71: C:/opscode/chefdk/embedded/lib/ruby/gems/2.1.0/gems/test-kitchen-1.5.0/lib/kitchen/provisioner/base.rb:76:in `rescue in call'
E, [2016-03-16T14:36:39.731545 #10828] ERROR -- default-centos-71: C:/opscode/chefdk/embedded/lib/ruby/gems/2.1.0/gems/test-kitchen-1.5.0/lib/kitchen/provisioner/base.rb:79:in `call'
E, [2016-03-16T14:36:39.731545 #10828] ERROR -- default-centos-71: C:/opscode/chefdk/embedded/lib/ruby/gems/2.1.0/gems/test-kitchen-1.5.0/lib/kitchen/instance.rb:373:in `block in converge_action'
E, [2016-03-16T14:36:39.731545 #10828] ERROR -- default-centos-71: C:/opscode/chefdk/embedded/lib/ruby/gems/2.1.0/gems/test-kitchen-1.5.0/lib/kitchen/instance.rb:495:in `call'
E, [2016-03-16T14:36:39.731545 #10828] ERROR -- default-centos-71: C:/opscode/chefdk/embedded/lib/ruby/gems/2.1.0/gems/test-kitchen-1.5.0/lib/kitchen/instance.rb:495:in `synchronize_or_call'
E, [2016-03-16T14:36:39.731545 #10828] ERROR -- default-centos-71: C:/opscode/chefdk/embedded/lib/ruby/gems/2.1.0/gems/test-kitchen-1.5.0/lib/kitchen/instance.rb:460:in `block in action'
E, [2016-03-16T14:36:39.731545 #10828] ERROR -- default-centos-71: C:/opscode/chefdk/embedded/lib/ruby/2.1.0/benchmark.rb:279:in `measure'
E, [2016-03-16T14:36:39.731545 #10828] ERROR -- default-centos-71: C:/opscode/chefdk/embedded/lib/ruby/gems/2.1.0/gems/test-kitchen-1.5.0/lib/kitchen/instance.rb:459:in `action'
E, [2016-03-16T14:36:39.731545 #10828] ERROR -- default-centos-71: C:/opscode/chefdk/embedded/lib/ruby/gems/2.1.0/gems/test-kitchen-1.5.0/lib/kitchen/instance.rb:369:in `converge_action'
E, [2016-03-16T14:36:39.731545 #10828] ERROR -- default-centos-71: C:/opscode/chefdk/embedded/lib/ruby/gems/2.1.0/gems/test-kitchen-1.5.0/lib/kitchen/instance.rb:348:in `block in transition_to'
E, [2016-03-16T14:36:39.731545 #10828] ERROR -- default-centos-71: C:/opscode/chefdk/embedded/lib/ruby/gems/2.1.0/gems/test-kitchen-1.5.0/lib/kitchen/instance.rb:347:in `each'
E, [2016-03-16T14:36:39.731545 #10828] ERROR -- default-centos-71: C:/opscode/chefdk/embedded/lib/ruby/gems/2.1.0/gems/test-kitchen-1.5.0/lib/kitchen/instance.rb:347:in `transition_to'
E, [2016-03-16T14:36:39.731545 #10828] ERROR -- default-centos-71: C:/opscode/chefdk/embedded/lib/ruby/gems/2.1.0/gems/test-kitchen-1.5.0/lib/kitchen/instance.rb:138:in `converge'
E, [2016-03-16T14:36:39.731545 #10828] ERROR -- default-centos-71: C:/opscode/chefdk/embedded/lib/ruby/gems/2.1.0/gems/test-kitchen-1.5.0/lib/kitchen/command.rb:176:in `public_send'
E, [2016-03-16T14:36:39.747096 #10828] ERROR -- default-centos-71: C:/opscode/chefdk/embedded/lib/ruby/gems/2.1.0/gems/test-kitchen-1.5.0/lib/kitchen/command.rb:176:in `block (2 levels) in run_action'
E, [2016-03-16T14:36:39.747096 #10828] ERROR -- default-centos-71: ----------------------
